#
# A fatal error has been detected by the Java Runtime Environment:
#
#  EXCEPTION_ACCESS_VIOLATION (0xc0000005) at pc=0x06bf38ab, pid=3900, tid=6660
#
# JRE version: 6.0_23-b05
# Java VM: Java HotSpot(TM) Client VM (19.0-b09 mixed mode, sharing windows-x86 )
# Problematic frame:
# C  [ig4icd32.dll+0x1b38ab]
#
# If you would like to submit a bug report, please visit:
#   http://java.sun.com/webapps/bugreport/crash.jsp
# The crash happened outside the Java Virtual Machine in native code.
# See problematic frame for where to report the bug.
#

---------------  T H R E A D  ---------------

Current thread (0x05963000):  JavaThread "LWJGL Renderer Thread" [_thread_in_native, id=6660, stack(0x05810000,0x05860000)]

siginfo: ExceptionCode=0xc0000005, reading address 0x0cd30000

Registers:
EAX=0x0cd2fff8, EBX=0x00000001, ECX=0x06a0f200, EDX=0x06a0f1e0
ESP=0x0585f510, EBP=0x06a0f1e0, ESI=0x0cbb0684, EDI=0x00000032
EIP=0x06bf38ab, EFLAGS=0x00010206

Register to memory mapping:

EAX=0x0cd2fff8
0x0cd2fff8 is pointing to unknown location

EBX=0x00000001
0x00000001 is pointing to unknown location

ECX=0x06a0f200
0x06a0f200 is pointing to unknown location

EDX=0x06a0f1e0
0x06a0f1e0 is pointing to unknown location

ESP=0x0585f510
0x0585f510 is pointing into the stack for thread: 0x05963000
"LWJGL Renderer Thread" prio=6 tid=0x05963000 nid=0x1a04 runnable [0x0585f000]
   java.lang.Thread.State: RUNNABLE

EBP=0x06a0f1e0
0x06a0f1e0 is pointing to unknown location

ESI=0x0cbb0684
0x0cbb0684 is pointing to unknown location

EDI=0x00000032
0x00000032 is pointing to unknown location


Top of Stack: (sp=0x0585f510)
0x0585f510:   0cbb0378 074f0068 00000032 00000008
0x0585f520:   0000000c 00000001 00000001 00000003
0x0585f530:   06bf5616 074f0068 06a0f1e0 00000032
0x0585f540:   074f027f 074f0068 0000b280 00080038
0x0585f550:   00000000 00000078 3effffff 0cbb0378
0x0585f560:   0cc6c4a0 06abfd45 074f0068 075ef2a0
0x0585f570:   23baddc0 074f007f 06add38d 23ba8f00
0x0585f580:   00000004 00000078 074f0068 00000078 

Instructions: (pc=0x06bf38ab)
0x06bf389b:   72 2f 07 c1 e1 04 03 ca d9 19 d9 40 04 d9 59 04
0x06bf38ab:   d9 40 08 f3 0f 11 41 0c d9 59 08 e9 71 01 00 00 


Stack: [0x05810000,0x05860000],  sp=0x0585f510,  free space=317k
Native frames: (J=compiled Java code, j=interpreted, Vv=VM code, C=native code)
C  [ig4icd32.dll+0x1b38ab]

Java frames: (J=compiled Java code, j=interpreted, Vv=VM code)
J  org.lwjgl.opengl.GL12.nglDrawRangeElementsBO(IIIIIJJ)V
J  org.lwjgl.opengl.GL12.glDrawRangeElements(IIIIIJ)V
J  com.jme3.renderer.lwjgl.LwjglRenderer.drawTriangleList(Lcom/jme3/scene/VertexBuffer;Lcom/jme3/scene/Mesh;I)V
J  com.jme3.renderer.lwjgl.LwjglRenderer.renderMeshDefault(Lcom/jme3/scene/Mesh;II)V
J  com.jme3.renderer.lwjgl.LwjglRenderer.renderMesh(Lcom/jme3/scene/Mesh;II)V
J  com.jme3.material.Material.renderMultipassLighting(Lcom/jme3/shader/Shader;Lcom/jme3/scene/Geometry;Lcom/jme3/renderer/RenderManager;)V
J  com.jme3.material.Material.render(Lcom/jme3/scene/Geometry;Lcom/jme3/renderer/RenderManager;)V
J  com.jme3.renderer.RenderManager.renderGeometry(Lcom/jme3/scene/Geometry;)V
J  com.jme3.renderer.queue.RenderQueue.renderGeometryList(Lcom/jme3/renderer/queue/GeometryList;Lcom/jme3/renderer/RenderManager;Lcom/jme3/renderer/Camera;Z)V
J  com.jme3.renderer.queue.RenderQueue.renderQueue(Lcom/jme3/renderer/queue/RenderQueue$Bucket;Lcom/jme3/renderer/RenderManager;Lcom/jme3/renderer/Camera;Z)V
J  com.jme3.renderer.RenderManager.renderViewPortQueues(Lcom/jme3/renderer/ViewPort;Z)V
J  com.jme3.renderer.RenderManager.renderViewPort(Lcom/jme3/renderer/ViewPort;F)V
J  com.jme3.renderer.RenderManager.render(FZ)V
j  com.jme3.app.SimpleApplication.update()V+102
j  com.jme3.system.lwjgl.LwjglAbstractDisplay.runLoop()V+22
j  com.jme3.system.lwjgl.LwjglDisplay.runLoop()V+67
j  com.jme3.system.lwjgl.LwjglAbstractDisplay.run()V+117
j  java.lang.Thread.run()V+11
v  ~StubRoutines::call_stub

---------------  P R O C E S S  ---------------

Java Threads: ( => current thread )
  0x059de400 JavaThread "pool-1-thread-1" [_thread_blocked, id=6452, stack(0x0a5e0000,0x0a630000)]
  0x05cbfc00 JavaThread "jME3 Audio Thread" daemon [_thread_blocked, id=2516, stack(0x06980000,0x069d0000)]
  0x0104a000 JavaThread "DestroyJavaVM" [_thread_blocked, id=1256, stack(0x002c0000,0x00310000)]
=>0x05963000 JavaThread "LWJGL Renderer Thread" [_thread_in_native, id=6660, stack(0x05810000,0x05860000)]
  0x04c6e000 JavaThread "AWT-Windows" daemon [_thread_in_native, id=3056, stack(0x05010000,0x05060000)]
  0x04c65c00 JavaThread "Java2D Disposer" daemon [_thread_blocked, id=3936, stack(0x04e80000,0x04ed0000)]
  0x00f4f800 JavaThread "Low Memory Detector" daemon [_thread_blocked, id=1216, stack(0x04a80000,0x04ad0000)]
  0x00f48c00 JavaThread "CompilerThread0" daemon [_thread_blocked, id=6416, stack(0x049f0000,0x04a40000)]
  0x00f47c00 JavaThread "Attach Listener" daemon [_thread_blocked, id=2628, stack(0x04960000,0x049b0000)]
  0x00f44c00 JavaThread "Signal Dispatcher" daemon [_thread_blocked, id=3680, stack(0x02890000,0x028e0000)]
  0x00f01800 JavaThread "Finalizer" daemon [_thread_blocked, id=3828, stack(0x02800000,0x02850000)]
  0x00eff800 JavaThread "Reference Handler" daemon [_thread_blocked, id=5964, stack(0x02770000,0x027c0000)]

Other Threads:
  0x00efe800 VMThread [stack: 0x004b0000,0x00500000] [id=4508]
  0x00f61400 WatcherThread [stack: 0x04b10000,0x04b60000] [id=6120]

VM state:not at safepoint (normal execution)

VM Mutex/Monitor currently owned by a thread: None

Heap
 def new generation   total 32128K, used 12276K [0x24510000, 0x267e0000, 0x29a60000)
  eden space 28608K,  41% used [0x24510000, 0x250a8ba8, 0x26100000)
  from space 3520K,  11% used [0x26100000, 0x26164830, 0x26470000)
  to   space 3520K,   0% used [0x26470000, 0x26470000, 0x267e0000)
 tenured generation   total 71172K, used 44290K [0x29a60000, 0x2dfe1000, 0x34510000)
   the space 71172K,  62% used [0x29a60000, 0x2c5a08f0, 0x2c5a0a00, 0x2dfe1000)
 compacting perm gen  total 12288K, used 6806K [0x34510000, 0x35110000, 0x38510000)
   the space 12288K,  55% used [0x34510000, 0x34bb58f0, 0x34bb5a00, 0x35110000)
    ro space 10240K,  54% used [0x38510000, 0x38a8c6b0, 0x38a8c800, 0x38f10000)
    rw space 12288K,  55% used [0x38f10000, 0x395b01f0, 0x395b0200, 0x39b10000)

Dynamic libraries:
0x00400000 - 0x00424000 	C:\Program Files (x86)\Java\jdk1.6.0_23\bin\java.exe
0x771f0000 - 0x77370000 	C:\Windows\SysWOW64\ntdll.dll
0x76380000 - 0x76490000 	C:\Windows\syswow64\kernel32.dll
0x74dd0000 - 0x74e17000 	C:\Windows\syswow64\KERNELBASE.dll
0x71e40000 - 0x71e7c000 	C:\Program Files\AVAST Software\Avast\snxhk.dll
0x75d00000 - 0x75da0000 	C:\Windows\syswow64\ADVAPI32.dll
0x766e0000 - 0x7678c000 	C:\Windows\syswow64\msvcrt.dll
0x75da0000 - 0x75db9000 	C:\Windows\SysWOW64\sechost.dll
0x765f0000 - 0x766e0000 	C:\Windows\syswow64\RPCRT4.dll
0x74d50000 - 0x74db0000 	C:\Windows\syswow64\SspiCli.dll
0x74d40000 - 0x74d4c000 	C:\Windows\syswow64\CRYPTBASE.dll
0x7c340000 - 0x7c396000 	C:\Program Files (x86)\Java\jdk1.6.0_23\jre\bin\msvcr71.dll
0x6d8a0000 - 0x6db4c000 	C:\Program Files (x86)\Java\jdk1.6.0_23\jre\bin\client\jvm.dll
0x76210000 - 0x76310000 	C:\Windows\syswow64\USER32.dll
0x76560000 - 0x765f0000 	C:\Windows\syswow64\GDI32.dll
0x76d70000 - 0x76d7a000 	C:\Windows\syswow64\LPK.dll
0x76170000 - 0x7620d000 	C:\Windows\syswow64\USP10.dll
0x6fee0000 - 0x6ff12000 	C:\Windows\system32\WINMM.dll
0x76d90000 - 0x76df0000 	C:\Windows\system32\IMM32.DLL
0x760a0000 - 0x7616c000 	C:\Windows\syswow64\MSCTF.dll
0x71b10000 - 0x71b5b000 	C:\Windows\system32\apphelp.dll
0x74560000 - 0x7457c000 	C:\Windows\SysWOW64\nvinit.dll
0x6d850000 - 0x6d85c000 	C:\Program Files (x86)\Java\jdk1.6.0_23\jre\bin\verify.dll
0x6d3d0000 - 0x6d3ef000 	C:\Program Files (x86)\Java\jdk1.6.0_23\jre\bin\java.dll
0x6d330000 - 0x6d338000 	C:\Program Files (x86)\Java\jdk1.6.0_23\jre\bin\hpi.dll
0x771c0000 - 0x771c5000 	C:\Windows\syswow64\PSAPI.DLL
0x6d890000 - 0x6d89f000 	C:\Program Files (x86)\Java\jdk1.6.0_23\jre\bin\zip.dll
0x6d0b0000 - 0x6d1fa000 	C:\Program Files (x86)\Java\jdk1.6.0_23\jre\bin\awt.dll
0x71c10000 - 0x71c61000 	C:\Windows\system32\WINSPOOL.DRV
0x74f40000 - 0x7509c000 	C:\Windows\syswow64\ole32.dll
0x71eb0000 - 0x7204e000 	C:\Windows\WinSxS\x86_microsoft.windows.common-controls_6595b64144ccf1df_6.0.7600.16661_none_420fe3fa2b8113bd\COMCTL32.dll
0x76ab0000 - 0x76b07000 	C:\Windows\syswow64\SHLWAPI.dll
0x70ec0000 - 0x70ed3000 	C:\Windows\system32\DWMAPI.DLL
0x71920000 - 0x719a0000 	C:\Windows\system32\uxtheme.dll
0x701b0000 - 0x70208000 	C:\Program Files (x86)\Common Files\microsoft shared\ink\tiptsf.dll
0x74eb0000 - 0x74f3f000 	C:\Windows\syswow64\OLEAUT32.dll
0x74120000 - 0x74129000 	C:\Windows\system32\version.dll
0x6d2e0000 - 0x6d32f000 	C:\Program Files (x86)\Java\jdk1.6.0_23\jre\bin\fontmanager.dll
0x750a0000 - 0x75ce9000 	C:\Windows\syswow64\shell32.dll
0x6d6b0000 - 0x6d6c3000 	C:\Program Files (x86)\Java\jdk1.6.0_23\jre\bin\net.dll
0x76340000 - 0x76375000 	C:\Windows\syswow64\WS2_32.dll
0x76b10000 - 0x76b16000 	C:\Windows\syswow64\NSI.dll
0x74430000 - 0x7446c000 	C:\Windows\system32\mswsock.dll
0x718d0000 - 0x718d6000 	C:\Windows\System32\wship6.dll
0x6d6d0000 - 0x6d6d9000 	C:\Program Files (x86)\Java\jdk1.6.0_23\jre\bin\nio.dll
0x76a20000 - 0x76aa3000 	C:\Windows\syswow64\CLBCatQ.DLL
0x718e0000 - 0x7191c000 	C:\Windows\system32\oleacc.dll
0x10000000 - 0x10012000 	C:\Program Files\Lenovo\HOTKEY\hkvolkey.DLL
0x067f0000 - 0x06863000 	C:\Users\Lena\Desktop\GitHub\jim-fable-wars\JimFableWars\lwjgl.dll
0x74040000 - 0x74108000 	C:\Windows\system32\OPENGL32.dll
0x74010000 - 0x74032000 	C:\Windows\system32\GLU32.dll
0x6f7e0000 - 0x6f8c7000 	C:\Windows\system32\DDRAW.dll
0x6fa20000 - 0x6fa26000 	C:\Windows\system32\DCIMAN32.dll
0x75f00000 - 0x7609d000 	C:\Windows\syswow64\SETUPAPI.dll
0x76d40000 - 0x76d67000 	C:\Windows\syswow64\CFGMGR32.dll
0x74db0000 - 0x74dc2000 	C:\Windows\syswow64\DEVOBJ.dll
0x06a40000 - 0x074e4000 	C:\Windows\system32\ig4icd32.dll
0x73e80000 - 0x73ef9000 	C:\Windows\system32\mscms.dll
0x71e20000 - 0x71e37000 	C:\Windows\system32\USERENV.dll
0x743a0000 - 0x743ab000 	C:\Windows\system32\profapi.dll
0x73f40000 - 0x73f78000 	C:\Windows\system32\icm32.dll
0x09ba0000 - 0x09c01000 	C:\Users\Lena\Desktop\GitHub\jim-fable-wars\JimFableWars\OpenAL32.dll
0x713c0000 - 0x713f9000 	C:\Windows\System32\MMDevApi.dll
0x712c0000 - 0x713b5000 	C:\Windows\System32\PROPSYS.dll
0x73f90000 - 0x74002000 	C:\Windows\system32\dsound.dll
0x6fc70000 - 0x6fc95000 	C:\Windows\system32\POWRPROF.dll
0x70ee0000 - 0x70f16000 	C:\Windows\system32\AUDIOSES.DLL
0x6d4f0000 - 0x6d515000 	C:\Program Files (x86)\Java\jdk1.6.0_23\jre\bin\jpeg.dll

VM Arguments:
jvm_args: -Dfile.encoding=UTF-8 
java_command: mygame.Game
Launcher Type: SUN_STANDARD

Environment Variables:
PATH=C:\Program Files\jEdit;C:\Program Files (x86)\Java\jdk1.6.0_23\bin\;C:\Program Files (x86)\MiKTeX 2.9\miktex/bin\
USERNAME=Lena
OS=Windows_NT
PROCESSOR_IDENTIFIER=Intel64 Family 6 Model 37 Stepping 5, GenuineIntel



---------------  S Y S T E M  ---------------

OS: Windows 7 Build 7600 

CPU:total 4 (2 cores per cpu, 2 threads per core) family 6 model 37 stepping 5, cmov, cx8, fxsr, mmx, sse, sse2, sse3, ssse3, sse4.1, sse4.2, popcnt, ht

Memory: 4k page, physical 3985068k(1377424k free), swap 7968236k(4820360k free)

vm_info: Java HotSpot(TM) Client VM (19.0-b09) for windows-x86 JRE (1.6.0_23-b05), built on Nov 12 2010 15:00:43 by "java_re" with MS VC++ 7.1 (VS2003)

time: Wed Jan 16 08:29:14 2013
elapsed time: 45 seconds

